<?xml version="1.0" encoding="UTF-8"?>
<testsuite xmlns:xsi="http://www.w3.org/2001/XMLSchema-instance" xsi:noNamespaceSchemaLocation="https://maven.apache.org/surefire/maven-surefire-plugin/xsd/surefire-test-report-3.0.xsd" version="3.0" name="com.para.ParaBankTest" time="27.054" tests="1" errors="0" skipped="0" failures="0">
  <properties>
[...]
</properties>
  <testcase name="testSelfHealing" classname="com.para.ParaBankTest" time="27.006">
    <system-err><![CDATA[07/13 03:25:41 PM [INFO] ParasoftSelenicAgent - Locator 'tag name'='option' failed - initiating self-healing to find a replacement.
07/13 03:25:41 PM [INFO] ParasoftSelenicAgent - Self-healing could not find a replacement locator. [497 ms]
]]></system-err>
  </testcase>
</testsuite>